[1126/140932.109:ERROR:directory_reader_win.cc(43)] FindFirstFile: The system cannot find the path specified. (0x3)
[1126/170309.404:ERROR:process_reader_win.cc(123)] NtOpenThread: {Access Denied} A process has requested access to an object, but has not been granted those access rights. (0xc0000022)
[1126/170309.406:ERROR:exception_snapshot_win.cc(99)] thread ID 31188 not found in process
[1126/170309.428:ERROR:process_reader_win.cc(123)] NtOpenThread: {Access Denied} A process has requested access to an object, but has not been granted those access rights. (0xc0000022)
[1126/170309.428:ERROR:exception_snapshot_win.cc(99)] thread ID 12936 not found in process
[1126/171426.723:ERROR:directory_reader_win.cc(43)] FindFirstFile: The system cannot find the path specified. (0x3)
[1126/172648.779:ERROR:directory_reader_win.cc(43)] FindFirstFile: The system cannot find the path specified. (0x3)
[1126/174209.852:ERROR:directory_reader_win.cc(43)] FindFirstFile: The system cannot find the path specified. (0x3)
[1126/175755.462:ERROR:directory_reader_win.cc(43)] FindFirstFile: The system cannot find the path specified. (0x3)
[1126/181338.047:ERROR:process_reader_win.cc(123)] NtOpenThread: {Access Denied} A process has requested access to an object, but has not been granted those access rights. (0xc0000022)
[1126/181338.048:ERROR:exception_snapshot_win.cc(99)] thread ID 29836 not found in process
[1126/181338.067:ERROR:process_reader_win.cc(123)] NtOpenThread: {Access Denied} A process has requested access to an object, but has not been granted those access rights. (0xc0000022)
[1126/181338.067:ERROR:exception_snapshot_win.cc(99)] thread ID 5588 not found in process
[1126/193717.765:ERROR:process_reader_win.cc(123)] NtOpenThread: {Access Denied} A process has requested access to an object, but has not been granted those access rights. (0xc0000022)
[1126/193717.767:ERROR:exception_snapshot_win.cc(99)] thread ID 10256 not found in process
[1126/193717.766:ERROR:process_reader_win.cc(123)] NtOpenThread: {Access Denied} A process has requested access to an object, but has not been granted those access rights. (0xc0000022)
[1126/193717.767:ERROR:exception_snapshot_win.cc(99)] thread ID 30296 not found in process
[1126/193717.796:ERROR:process_reader_win.cc(123)] NtOpenThread: {Access Denied} A process has requested access to an object, but has not been granted those access rights. (0xc0000022)
[1126/193717.796:ERROR:exception_snapshot_win.cc(99)] thread ID 30920 not found in process
[1126/193717.799:ERROR:process_reader_win.cc(123)] NtOpenThread: {Access Denied} A process has requested access to an object, but has not been granted those access rights. (0xc0000022)
[1126/193717.799:ERROR:exception_snapshot_win.cc(99)] thread ID 31740 not found in process
[1126/195433.912:ERROR:process_reader_win.cc(123)] NtOpenThread: {Access Denied} A process has requested access to an object, but has not been granted those access rights. (0xc0000022)
[1126/195433.914:ERROR:exception_snapshot_win.cc(99)] thread ID 24564 not found in process
[1126/195433.940:ERROR:process_reader_win.cc(123)] NtOpenThread: {Access Denied} A process has requested access to an object, but has not been granted those access rights. (0xc0000022)
[1126/195433.940:ERROR:exception_snapshot_win.cc(99)] thread ID 6304 not found in process
[1126/195530.199:ERROR:process_reader_win.cc(123)] NtOpenThread: {Access Denied} A process has requested access to an object, but has not been granted those access rights. (0xc0000022)
[1126/195530.201:ERROR:exception_snapshot_win.cc(99)] thread ID 17752 not found in process
[1126/195530.222:ERROR:process_reader_win.cc(123)] NtOpenThread: {Access Denied} A process has requested access to an object, but has not been granted those access rights. (0xc0000022)
[1126/195530.223:ERROR:exception_snapshot_win.cc(99)] thread ID 10604 not found in process
[1126/201505.257:ERROR:directory_reader_win.cc(43)] FindFirstFile: The system cannot find the path specified. (0x3)
[1126/201645.664:ERROR:directory_reader_win.cc(43)] FindFirstFile: The system cannot find the path specified. (0x3)
[1126/202222.512:ERROR:directory_reader_win.cc(43)] FindFirstFile: The system cannot find the path specified. (0x3)
[1127/110321.251:ERROR:directory_reader_win.cc(43)] FindFirstFile: The system cannot find the path specified. (0x3)
[1127/140426.210:ERROR:process_reader_win.cc(123)] NtOpenThread: {Access Denied} A process has requested access to an object, but has not been granted those access rights. (0xc0000022)
[1127/140426.211:ERROR:exception_snapshot_win.cc(99)] thread ID 1036 not found in process
[1127/140426.215:ERROR:process_reader_win.cc(123)] NtOpenThread: {Access Denied} A process has requested access to an object, but has not been granted those access rights. (0xc0000022)
[1127/140426.215:ERROR:exception_snapshot_win.cc(99)] thread ID 26752 not found in process
[1128/105751.822:ERROR:process_reader_win.cc(123)] NtOpenThread: {Access Denied} A process has requested access to an object, but has not been granted those access rights. (0xc0000022)
[1128/105751.825:ERROR:exception_snapshot_win.cc(99)] thread ID 26484 not found in process
[1128/105751.888:ERROR:process_reader_win.cc(123)] NtOpenThread: {Access Denied} A process has requested access to an object, but has not been granted those access rights. (0xc0000022)
[1128/105751.889:ERROR:exception_snapshot_win.cc(99)] thread ID 25808 not found in process
[1128/144214.706:ERROR:process_reader_win.cc(123)] NtOpenThread: {Access Denied} A process has requested access to an object, but has not been granted those access rights. (0xc0000022)
[1128/144214.708:ERROR:exception_snapshot_win.cc(99)] thread ID 33516 not found in process
[1128/144214.731:ERROR:process_reader_win.cc(123)] NtOpenThread: {Access Denied} A process has requested access to an object, but has not been granted those access rights. (0xc0000022)
[1128/144214.731:ERROR:exception_snapshot_win.cc(99)] thread ID 7060 not found in process
[1201/182005.417:ERROR:directory_reader_win.cc(43)] FindFirstFile: The system cannot find the path specified. (0x3)
[1206/134712.499:ERROR:directory_reader_win.cc(43)] FindFirstFile: The system cannot find the path specified. (0x3)
[1206/134712.506:ERROR:prune_crash_reports.cc(36)] PruneCrashReportDatabase: Failed to get pending reports
[1206/135513.652:ERROR:process_reader_win.cc(123)] NtOpenThread: {Access Denied} A process has requested access to an object, but has not been granted those access rights. (0xc0000022)
[1206/135513.654:ERROR:exception_snapshot_win.cc(99)] thread ID 9548 not found in process
[1206/135513.773:ERROR:process_reader_win.cc(123)] NtOpenThread: {Access Denied} A process has requested access to an object, but has not been granted those access rights. (0xc0000022)
[1206/135513.773:ERROR:exception_snapshot_win.cc(99)] thread ID 18908 not found in process
[1207/171609.132:ERROR:directory_reader_win.cc(43)] FindFirstFile: The system cannot find the path specified. (0x3)
[1209/110642.334:ERROR:process_reader_win.cc(123)] NtOpenThread: {Access Denied} A process has requested access to an object, but has not been granted those access rights. (0xc0000022)
[1209/110642.337:ERROR:exception_snapshot_win.cc(99)] thread ID 13668 not found in process
[1209/110642.337:ERROR:process_reader_win.cc(123)] NtOpenThread: {Access Denied} A process has requested access to an object, but has not been granted those access rights. (0xc0000022)
[1209/110642.337:ERROR:exception_snapshot_win.cc(99)] thread ID 13644 not found in process
[1209/110642.357:ERROR:process_reader_win.cc(123)] NtOpenThread: {Access Denied} A process has requested access to an object, but has not been granted those access rights. (0xc0000022)
[1209/110642.357:ERROR:exception_snapshot_win.cc(99)] thread ID 13844 not found in process
[1215/092347.663:ERROR:directory_reader_win.cc(43)] FindFirstFile: The system cannot find the path specified. (0x3)
[1221/184551.941:ERROR:directory_reader_win.cc(43)] FindFirstFile: The system cannot find the path specified. (0x3)
[1222/204004.418:ERROR:directory_reader_win.cc(43)] FindFirstFile: The system cannot find the path specified. (0x3)
[1224/081932.273:ERROR:directory_reader_win.cc(43)] FindFirstFile: The system cannot find the path specified. (0x3)
[1228/203230.231:ERROR:directory_reader_win.cc(43)] FindFirstFile: The system cannot find the path specified. (0x3)
[0103/155023.987:ERROR:directory_reader_win.cc(43)] FindFirstFile: The system cannot find the path specified. (0x3)
[0107/181323.873:ERROR:process_reader_win.cc(123)] NtOpenThread: {Access Denied} A process has requested access to an object, but has not been granted those access rights. (0xc0000022)
[0107/181323.876:ERROR:exception_snapshot_win.cc(99)] thread ID 31492 not found in process
[0107/181323.928:ERROR:process_reader_win.cc(123)] NtOpenThread: {Access Denied} A process has requested access to an object, but has not been granted those access rights. (0xc0000022)
[0107/181323.928:ERROR:exception_snapshot_win.cc(99)] thread ID 16964 not found in process
[0107/212449.560:ERROR:directory_reader_win.cc(43)] FindFirstFile: The system cannot find the path specified. (0x3)
[0108/094023.934:ERROR:process_reader_win.cc(123)] NtOpenThread: {Access Denied} A process has requested access to an object, but has not been granted those access rights. (0xc0000022)
[0108/094023.942:ERROR:exception_snapshot_win.cc(99)] thread ID 32864 not found in process
[0108/094024.162:ERROR:process_reader_win.cc(123)] NtOpenThread: {Access Denied} A process has requested access to an object, but has not been granted those access rights. (0xc0000022)
[0108/094024.162:ERROR:exception_snapshot_win.cc(99)] thread ID 29492 not found in process
[0108/144314.629:ERROR:process_reader_win.cc(123)] NtOpenThread: {Access Denied} A process has requested access to an object, but has not been granted those access rights. (0xc0000022)
[0108/144314.632:ERROR:exception_snapshot_win.cc(99)] thread ID 17752 not found in process
[0108/144314.673:ERROR:process_reader_win.cc(123)] NtOpenThread: {Access Denied} A process has requested access to an object, but has not been granted those access rights. (0xc0000022)
[0108/144314.673:ERROR:exception_snapshot_win.cc(99)] thread ID 25556 not found in process
[0108/145323.918:ERROR:directory_reader_win.cc(43)] FindFirstFile: The system cannot find the path specified. (0x3)
[0108/160340.773:ERROR:process_reader_win.cc(123)] NtOpenThread: {Access Denied} A process has requested access to an object, but has not been granted those access rights. (0xc0000022)
[0108/160340.775:ERROR:exception_snapshot_win.cc(99)] thread ID 13572 not found in process
[0108/160340.820:ERROR:process_reader_win.cc(123)] NtOpenThread: {Access Denied} A process has requested access to an object, but has not been granted those access rights. (0xc0000022)
[0108/160340.820:ERROR:exception_snapshot_win.cc(99)] thread ID 29100 not found in process
[0108/160548.683:ERROR:process_reader_win.cc(123)] NtOpenThread: {Access Denied} A process has requested access to an object, but has not been granted those access rights. (0xc0000022)
[0108/160548.685:ERROR:exception_snapshot_win.cc(99)] thread ID 28976 not found in process
[0108/160548.736:ERROR:process_reader_win.cc(123)] NtOpenThread: {Access Denied} A process has requested access to an object, but has not been granted those access rights. (0xc0000022)
[0108/160548.736:ERROR:exception_snapshot_win.cc(99)] thread ID 15160 not found in process
[0108/160638.586:ERROR:process_reader_win.cc(123)] NtOpenThread: {Access Denied} A process has requested access to an object, but has not been granted those access rights. (0xc0000022)
[0108/160638.590:ERROR:exception_snapshot_win.cc(99)] thread ID 31332 not found in process
[0108/160638.634:ERROR:process_reader_win.cc(123)] NtOpenThread: {Access Denied} A process has requested access to an object, but has not been granted those access rights. (0xc0000022)
[0108/160638.634:ERROR:exception_snapshot_win.cc(99)] thread ID 9228 not found in process
[0109/162012.958:ERROR:process_reader_win.cc(123)] NtOpenThread: {Access Denied} A process has requested access to an object, but has not been granted those access rights. (0xc0000022)
[0109/162012.959:ERROR:process_reader_win.cc(123)] NtOpenThread: {Access Denied} A process has requested access to an object, but has not been granted those access rights. (0xc0000022)
[0109/162012.960:ERROR:exception_snapshot_win.cc(99)] thread ID 9740 not found in process
[0109/162012.960:ERROR:exception_snapshot_win.cc(99)] thread ID 35964 not found in process
[0109/162012.975:ERROR:process_reader_win.cc(123)] NtOpenThread: {Access Denied} A process has requested access to an object, but has not been granted those access rights. (0xc0000022)
[0109/162012.975:ERROR:exception_snapshot_win.cc(99)] thread ID 16160 not found in process
[0109/163742.845:ERROR:process_reader_win.cc(123)] NtOpenThread: {Access Denied} A process has requested access to an object, but has not been granted those access rights. (0xc0000022)
[0109/163742.847:ERROR:exception_snapshot_win.cc(99)] thread ID 35772 not found in process
[0109/163742.845:ERROR:process_reader_win.cc(123)] NtOpenThread: {Access Denied} A process has requested access to an object, but has not been granted those access rights. (0xc0000022)
[0109/163742.847:ERROR:exception_snapshot_win.cc(99)] thread ID 3044 not found in process
[0109/163742.854:ERROR:process_reader_win.cc(123)] NtOpenThread: {Access Denied} A process has requested access to an object, but has not been granted those access rights. (0xc0000022)
[0109/163742.855:ERROR:exception_snapshot_win.cc(99)] thread ID 15496 not found in process
[0109/163908.585:ERROR:process_reader_win.cc(123)] NtOpenThread: {Access Denied} A process has requested access to an object, but has not been granted those access rights. (0xc0000022)
[0109/163908.586:ERROR:exception_snapshot_win.cc(99)] thread ID 1292 not found in process
[0109/163908.602:ERROR:process_reader_win.cc(123)] NtOpenThread: {Access Denied} A process has requested access to an object, but has not been granted those access rights. (0xc0000022)
[0109/163908.603:ERROR:exception_snapshot_win.cc(99)] thread ID 30300 not found in process
[0111/103150.257:ERROR:process_reader_win.cc(123)] NtOpenThread: {Access Denied} A process has requested access to an object, but has not been granted those access rights. (0xc0000022)
[0111/103150.259:ERROR:exception_snapshot_win.cc(99)] thread ID 16156 not found in process
[0111/103150.275:ERROR:process_reader_win.cc(123)] NtOpenThread: {Access Denied} A process has requested access to an object, but has not been granted those access rights. (0xc0000022)
[0111/103150.275:ERROR:exception_snapshot_win.cc(99)] thread ID 20372 not found in process
[0111/103150.311:ERROR:process_reader_win.cc(123)] NtOpenThread: {Access Denied} A process has requested access to an object, but has not been granted those access rights. (0xc0000022)
[0111/103150.311:ERROR:exception_snapshot_win.cc(99)] thread ID 16768 not found in process
[0111/103154.590:ERROR:process_reader_win.cc(123)] NtOpenThread: {Access Denied} A process has requested access to an object, but has not been granted those access rights. (0xc0000022)
[0111/103154.590:ERROR:exception_snapshot_win.cc(99)] thread ID 21060 not found in process
[0114/094511.877:ERROR:directory_reader_win.cc(43)] FindFirstFile: The system cannot find the path specified. (0x3)
[0114/095428.570:ERROR:process_reader_win.cc(123)] NtOpenThread: {Access Denied} A process has requested access to an object, but has not been granted those access rights. (0xc0000022)
[0114/095428.577:ERROR:exception_snapshot_win.cc(99)] thread ID 9684 not found in process
[0114/095428.668:ERROR:process_reader_win.cc(123)] NtOpenThread: {Access Denied} A process has requested access to an object, but has not been granted those access rights. (0xc0000022)
[0114/095428.668:ERROR:exception_snapshot_win.cc(99)] thread ID 9692 not found in process
[0118/183218.677:ERROR:process_reader_win.cc(123)] NtOpenThread: {Access Denied} A process has requested access to an object, but has not been granted those access rights. (0xc0000022)
[0118/183218.681:ERROR:exception_snapshot_win.cc(99)] thread ID 1556 not found in process
[0118/183218.684:ERROR:process_reader_win.cc(123)] NtOpenThread: {Access Denied} A process has requested access to an object, but has not been granted those access rights. (0xc0000022)
[0118/183218.684:ERROR:exception_snapshot_win.cc(99)] thread ID 10020 not found in process
[0118/193218.267:ERROR:process_reader_win.cc(123)] NtOpenThread: {Access Denied} A process has requested access to an object, but has not been granted those access rights. (0xc0000022)
[0118/193218.269:ERROR:exception_snapshot_win.cc(99)] thread ID 20880 not found in process
[0118/193218.292:ERROR:process_reader_win.cc(123)] NtOpenThread: {Access Denied} A process has requested access to an object, but has not been granted those access rights. (0xc0000022)
[0118/193218.292:ERROR:exception_snapshot_win.cc(99)] thread ID 29360 not found in process
[0118/195722.299:ERROR:process_reader_win.cc(123)] NtOpenThread: {Access Denied} A process has requested access to an object, but has not been granted those access rights. (0xc0000022)
[0118/195722.300:ERROR:exception_snapshot_win.cc(99)] thread ID 16372 not found in process
[0118/195722.327:ERROR:process_reader_win.cc(123)] NtOpenThread: {Access Denied} A process has requested access to an object, but has not been granted those access rights. (0xc0000022)
[0118/195722.327:ERROR:exception_snapshot_win.cc(99)] thread ID 28568 not found in process
[0118/195922.354:ERROR:process_reader_win.cc(123)] NtOpenThread: {Access Denied} A process has requested access to an object, but has not been granted those access rights. (0xc0000022)
[0118/195922.356:ERROR:exception_snapshot_win.cc(99)] thread ID 27644 not found in process
[0118/195922.381:ERROR:process_reader_win.cc(123)] NtOpenThread: {Access Denied} A process has requested access to an object, but has not been granted those access rights. (0xc0000022)
[0118/195922.382:ERROR:exception_snapshot_win.cc(99)] thread ID 10792 not found in process
[0118/220422.585:ERROR:process_reader_win.cc(123)] NtOpenThread: {Access Denied} A process has requested access to an object, but has not been granted those access rights. (0xc0000022)
[0118/220422.588:ERROR:exception_snapshot_win.cc(99)] thread ID 14176 not found in process
[0118/220422.647:ERROR:process_reader_win.cc(123)] NtOpenThread: {Access Denied} A process has requested access to an object, but has not been granted those access rights. (0xc0000022)
[0118/220422.647:ERROR:exception_snapshot_win.cc(99)] thread ID 26912 not found in process
[0118/220432.859:ERROR:process_reader_win.cc(123)] NtOpenThread: {Access Denied} A process has requested access to an object, but has not been granted those access rights. (0xc0000022)
[0118/220432.862:ERROR:exception_snapshot_win.cc(99)] thread ID 3704 not found in process
[0118/220432.887:ERROR:process_reader_win.cc(123)] NtOpenThread: {Access Denied} A process has requested access to an object, but has not been granted those access rights. (0xc0000022)
[0118/220432.887:ERROR:exception_snapshot_win.cc(99)] thread ID 9468 not found in process
[0118/220432.946:ERROR:process_reader_win.cc(123)] NtOpenThread: {Access Denied} A process has requested access to an object, but has not been granted those access rights. (0xc0000022)
[0118/220432.946:ERROR:exception_snapshot_win.cc(99)] thread ID 14720 not found in process
[0119/145012.831:ERROR:directory_reader_win.cc(43)] FindFirstFile: The system cannot find the path specified. (0x3)
[0119/151521.332:ERROR:process_reader_win.cc(123)] NtOpenThread: {Access Denied} A process has requested access to an object, but has not been granted those access rights. (0xc0000022)
[0119/151521.334:ERROR:exception_snapshot_win.cc(99)] thread ID 23920 not found in process
[0119/151521.374:ERROR:process_reader_win.cc(151)] SuspendThread: Access is denied. (0x5)
[0119/151521.374:ERROR:process_reader_win.cc(123)] NtOpenThread: {Access Denied} A process has requested access to an object, but has not been granted those access rights. (0xc0000022)
[0119/151521.374:ERROR:exception_snapshot_win.cc(99)] thread ID 27720 not found in process
[0119/192524.881:ERROR:process_reader_win.cc(123)] NtOpenThread: {Access Denied} A process has requested access to an object, but has not been granted those access rights. (0xc0000022)
[0119/192524.884:ERROR:exception_snapshot_win.cc(99)] thread ID 9716 not found in process
[0119/192524.904:ERROR:process_reader_win.cc(123)] NtOpenThread: {Access Denied} A process has requested access to an object, but has not been granted those access rights. (0xc0000022)
[0119/192524.905:ERROR:exception_snapshot_win.cc(99)] thread ID 9180 not found in process
[0120/092510.377:ERROR:process_reader_win.cc(123)] NtOpenThread: {Access Denied} A process has requested access to an object, but has not been granted those access rights. (0xc0000022)
[0120/092510.381:ERROR:exception_snapshot_win.cc(99)] thread ID 28272 not found in process
[0120/092510.423:ERROR:process_reader_win.cc(123)] NtOpenThread: {Access Denied} A process has requested access to an object, but has not been granted those access rights. (0xc0000022)
[0120/092510.423:ERROR:exception_snapshot_win.cc(99)] thread ID 24876 not found in process
